<?xml version="1.0" encoding="UTF-8"?>
<!-- Generated by org.testng.reporters.JUnitReportReporter -->
<testsuite skipped="0" hostname="DESKTOP-FQ3J8A2" name="ParameterizationTestNG" tests="3" failures="0" timestamp="06 Jan 2020 16:13:05 GMT" time="150.512" errors="0">
  <testcase name="loginTest" time="51.993" classname="ParameterizationTestNG"/>
  <testcase name="loginTest" time="51.990" classname="ParameterizationTestNG"/>
  <testcase name="loginTest" time="46.529" classname="ParameterizationTestNG"/>
</testsuite> <!-- ParameterizationTestNG -->
